[00:46:35] [ServerMain/INFO]: Environment: Environment[sessionHost=https://sessionserver.mojang.com, servicesHost=https://api.minecraftservices.com, name=PROD]
[00:46:37] [ServerMain/INFO]: No existing world data, creating new world
[00:46:38] [ServerMain/INFO]: Loaded 1407 recipes
[00:46:38] [ServerMain/INFO]: Loaded 1520 advancements
[00:46:38] [Server thread/INFO]: Starting minecraft server version 1.21.8
[00:46:38] [Server thread/INFO]: Loading properties
[00:46:38] [Server thread/INFO]: Default game type: SURVIVAL
[00:46:38] [Server thread/INFO]: Generating keypair
[00:46:38] [Server thread/INFO]: Starting Minecraft server on *:25565
[00:46:38] [Server thread/INFO]: Using epoll channel type
[00:46:38] [Server thread/INFO]: Preparing level "world"
[00:46:46] [Server thread/INFO]: Preparing start region for dimension minecraft:overworld
[00:46:46] [Worker-Main-2/INFO]: Preparing spawn area: 2%
[00:46:47] [Worker-Main-2/INFO]: Preparing spawn area: 2%
[00:46:47] [Worker-Main-3/INFO]: Preparing spawn area: 2%
[00:46:48] [Worker-Main-3/INFO]: Preparing spawn area: 2%
[00:46:48] [Worker-Main-2/INFO]: Preparing spawn area: 2%
[00:46:50] [Worker-Main-1/INFO]: Preparing spawn area: 2%
[00:46:50] [Worker-Main-1/INFO]: Preparing spawn area: 2%
[00:46:50] [Worker-Main-1/INFO]: Preparing spawn area: 2%
[00:46:50] [Worker-Main-1/INFO]: Preparing spawn area: 18%
[00:46:51] [Worker-Main-1/INFO]: Preparing spawn area: 18%
[00:46:51] [Worker-Main-1/INFO]: Preparing spawn area: 18%
[00:46:52] [Worker-Main-1/INFO]: Preparing spawn area: 20%
[00:46:52] [Worker-Main-1/INFO]: Preparing spawn area: 51%
[00:46:53] [Worker-Main-3/INFO]: Preparing spawn area: 51%
[00:46:53] [Worker-Main-1/INFO]: Preparing spawn area: 51%
[00:46:54] [Worker-Main-2/INFO]: Preparing spawn area: 51%
[00:46:54] [Server thread/INFO]: Time elapsed: 7695 ms
[00:46:54] [Server thread/INFO]: Done (15.350s)! For help, type "help"
[00:46:54] [Server thread/INFO]: Starting remote control listener
[00:46:54] [Server thread/INFO]: Thread RCON Listener started
[00:46:54] [Server thread/INFO]: RCON running on 0.0.0.0:25575
[00:47:54] [Server thread/INFO]: Server empty for 60 seconds, pausing
[00:51:14] [RCON Listener #1/INFO]: Thread RCON Client /0:0:0:0:0:0:0:1 started
[00:51:14] [Server thread/INFO]: [Rcon: Stopping the server]
[00:51:14] [RCON Client /0:0:0:0:0:0:0:1 #2/INFO]: Thread RCON Client /0:0:0:0:0:0:0:1 shutting down
[00:51:14] [Server thread/INFO]: Stopping server
[00:51:14] [Server thread/INFO]: Saving players
[00:51:14] [Server thread/INFO]: Saving worlds
[00:51:14] [Server thread/INFO]: Saving chunks for level 'ServerLevel[world]'/minecraft:overworld
[00:51:15] [Server thread/INFO]: Saving chunks for level 'ServerLevel[world]'/minecraft:the_end
[00:51:15] [Server thread/INFO]: Saving chunks for level 'ServerLevel[world]'/minecraft:the_nether
[00:51:15] [Server thread/INFO]: ThreadedAnvilChunkStorage (world): All chunks are saved
[00:51:15] [Server thread/INFO]: ThreadedAnvilChunkStorage (DIM1): All chunks are saved
[00:51:15] [Server thread/INFO]: ThreadedAnvilChunkStorage (DIM-1): All chunks are saved
[00:51:15] [Server thread/INFO]: ThreadedAnvilChunkStorage: All dimensions are saved
[00:51:15] [Server thread/INFO]: Thread RCON Listener stopped
